0 info it worked if it ends with ok
1 verbose cli [ '/Users/charles/.nvm/versions/node/v5.9.1/bin/node',
1 verbose cli   '/Users/charles/.nvm/versions/node/v5.9.1/bin/npm',
1 verbose cli   'install' ]
2 info using npm@3.7.3
3 info using node@v5.9.1
4 silly loadCurrentTree Starting
5 silly install loadCurrentTree
6 silly install readLocalPackageData
7 silly install normalizeTree
8 silly loadCurrentTree Finishing
9 silly loadIdealTree Starting
10 silly install loadIdealTree
11 silly cloneCurrentTree Starting
12 silly install cloneCurrentTreeToIdealTree
13 silly cloneCurrentTree Finishing
14 silly loadShrinkwrap Starting
15 silly install loadShrinkwrap
16 silly loadShrinkwrap Finishing
17 silly loadAllDepsIntoIdealTree Starting
18 silly install loadAllDepsIntoIdealTree
19 silly fetchNamedPackageData js-bson
20 silly mapToRegistry name js-bson
21 silly mapToRegistry using default registry
22 silly mapToRegistry registry https://registry.npmjs.org/
23 silly mapToRegistry uri https://registry.npmjs.org/js-bson
24 verbose request uri https://registry.npmjs.org/js-bson
25 verbose request no auth needed
26 info attempt registry request try #1 at 4:24:47 PM
27 verbose request id f94775544f987ef7
28 http request GET https://registry.npmjs.org/js-bson
29 http 404 https://registry.npmjs.org/js-bson
30 verbose headers { 'content-type': 'application/json',
30 verbose headers   'cache-control': 'max-age=0',
30 verbose headers   'content-length': '2',
30 verbose headers   'accept-ranges': 'bytes',
30 verbose headers   date: 'Mon, 11 Apr 2016 08:24:49 GMT',
30 verbose headers   via: '1.1 varnish',
30 verbose headers   age: '0',
30 verbose headers   connection: 'keep-alive',
30 verbose headers   'x-served-by': 'cache-sin6927-SIN',
30 verbose headers   'x-cache': 'MISS',
30 verbose headers   'x-cache-hits': '0',
30 verbose headers   'x-timer': 'S1460363088.473524,VS0,VE975',
30 verbose headers   vary: 'Accept-Encoding' }
31 silly get cb [ 404,
31 silly get   { 'content-type': 'application/json',
31 silly get     'cache-control': 'max-age=0',
31 silly get     'content-length': '2',
31 silly get     'accept-ranges': 'bytes',
31 silly get     date: 'Mon, 11 Apr 2016 08:24:49 GMT',
31 silly get     via: '1.1 varnish',
31 silly get     age: '0',
31 silly get     connection: 'keep-alive',
31 silly get     'x-served-by': 'cache-sin6927-SIN',
31 silly get     'x-cache': 'MISS',
31 silly get     'x-cache-hits': '0',
31 silly get     'x-timer': 'S1460363088.473524,VS0,VE975',
31 silly get     vary: 'Accept-Encoding' } ]
32 silly fetchPackageMetaData Error: Registry returned 404 for GET on https://registry.npmjs.org/js-bson
32 silly fetchPackageMetaData     at makeError (/Users/charles/.nvm/versions/node/v5.9.1/lib/node_modules/npm/node_modules/npm-registry-client/lib/request.js:264:12)
32 silly fetchPackageMetaData     at CachingRegistryClient.<anonymous> (/Users/charles/.nvm/versions/node/v5.9.1/lib/node_modules/npm/node_modules/npm-registry-client/lib/request.js:242:14)
32 silly fetchPackageMetaData     at Request._callback (/Users/charles/.nvm/versions/node/v5.9.1/lib/node_modules/npm/node_modules/npm-registry-client/lib/request.js:172:14)
32 silly fetchPackageMetaData     at Request.self.callback (/Users/charles/.nvm/versions/node/v5.9.1/lib/node_modules/npm/node_modules/request/request.js:199:22)
32 silly fetchPackageMetaData     at emitTwo (events.js:100:13)
32 silly fetchPackageMetaData     at Request.emit (events.js:185:7)
32 silly fetchPackageMetaData     at Request.<anonymous> (/Users/charles/.nvm/versions/node/v5.9.1/lib/node_modules/npm/node_modules/request/request.js:1036:10)
32 silly fetchPackageMetaData     at emitOne (events.js:95:20)
32 silly fetchPackageMetaData     at Request.emit (events.js:182:7)
32 silly fetchPackageMetaData     at IncomingMessage.<anonymous> (/Users/charles/.nvm/versions/node/v5.9.1/lib/node_modules/npm/node_modules/request/request.js:963:12)
32 silly fetchPackageMetaData  error for js-bson@* { [Error: Registry returned 404 for GET on https://registry.npmjs.org/js-bson] pkgid: 'js-bson', statusCode: 404, code: 'E404' }
33 silly rollbackFailedOptional Starting
34 silly rollbackFailedOptional Finishing
35 silly runTopLevelLifecycles Starting
36 silly runTopLevelLifecycles Finishing
37 silly install printInstalled
38 verbose stack Error: Registry returned 404 for GET on https://registry.npmjs.org/js-bson
38 verbose stack     at makeError (/Users/charles/.nvm/versions/node/v5.9.1/lib/node_modules/npm/node_modules/npm-registry-client/lib/request.js:264:12)
38 verbose stack     at CachingRegistryClient.<anonymous> (/Users/charles/.nvm/versions/node/v5.9.1/lib/node_modules/npm/node_modules/npm-registry-client/lib/request.js:242:14)
38 verbose stack     at Request._callback (/Users/charles/.nvm/versions/node/v5.9.1/lib/node_modules/npm/node_modules/npm-registry-client/lib/request.js:172:14)
38 verbose stack     at Request.self.callback (/Users/charles/.nvm/versions/node/v5.9.1/lib/node_modules/npm/node_modules/request/request.js:199:22)
38 verbose stack     at emitTwo (events.js:100:13)
38 verbose stack     at Request.emit (events.js:185:7)
38 verbose stack     at Request.<anonymous> (/Users/charles/.nvm/versions/node/v5.9.1/lib/node_modules/npm/node_modules/request/request.js:1036:10)
38 verbose stack     at emitOne (events.js:95:20)
38 verbose stack     at Request.emit (events.js:182:7)
38 verbose stack     at IncomingMessage.<anonymous> (/Users/charles/.nvm/versions/node/v5.9.1/lib/node_modules/npm/node_modules/request/request.js:963:12)
39 verbose statusCode 404
40 verbose pkgid js-bson
41 verbose cwd /Users/charles/GA/W08/Tradist
42 error Darwin 15.4.0
43 error argv "/Users/charles/.nvm/versions/node/v5.9.1/bin/node" "/Users/charles/.nvm/versions/node/v5.9.1/bin/npm" "install"
44 error node v5.9.1
45 error npm  v3.7.3
46 error code E404
47 error 404 Registry returned 404 for GET on https://registry.npmjs.org/js-bson
48 error 404
49 error 404 'js-bson' is not in the npm registry.
50 error 404 You should bug the author to publish it (or use the name yourself!)
51 error 404 It was specified as a dependency of 'tradist'
52 error 404 Note that you can also install from a
53 error 404 tarball, folder, http url, or git url.
54 verbose exit [ 1, true ]
